<?xml version="1.0" encoding="UTF-8"?>
<!-- Generated by org.testng.reporters.JUnitXMLReporter -->
<testsuite ignored="1" hostname="Elitebook" failures="0" tests="2" name="Command line test" time="10.817" errors="0" timestamp="2022-10-27T15:07:04 MESZ">
  <testcase classname="com.qacart.todo.testcases.LoginTest" name="ShouldBeAbleToLoginWithEmailAndPassword" time="2.535"/>
  <testcase classname="com.qacart.todo.testcases.TodoTest" name="shouldBeAbleToAddNewTodo" time="2.164"/>
  <testcase classname="com.qacart.todo.testcases.TodoTest" name="shouldBeAbleToDeleteTodo" time="0.0">
    <ignored/>
  </testcase> <!-- shouldBeAbleToDeleteTodo -->
</testsuite> <!-- Command line test -->
