<?xml version="1.0" encoding="UTF-8"?>
<testsuite xmlns:xsi="http://www.w3.org/2001/XMLSchema-instance" xsi:noNamespaceSchemaLocation="https://maven.apache.org/surefire/maven-surefire-plugin/xsd/surefire-test-report-3.0.xsd" version="3.0" name="TestSuite" time="25.778" tests="3" errors="0" skipped="0" failures="0">
  <properties>
[...]
</properties>
  <testcase name="ShouldBeAbleToLoginWithEmailAndPassword" classname="com.qacart.todo.testcases.LoginTest" time="4.361">
    <system-err><![CDATA[SLF4J: Failed to load class "org.slf4j.impl.StaticLoggerBinder".
SLF4J: Defaulting to no-operation (NOP) logger implementation
SLF4J: See http://www.slf4j.org/codes.html#StaticLoggerBinder for further details.
Starting ChromeDriver 107.0.5304.62 (1eec40d3a5764881c92085aaee66d25075c159aa-refs/branch-heads/5304@{#942}) on port 57735
Only local connections are allowed.
Please see https://chromedriver.chromium.org/security-considerations for suggestions on keeping ChromeDriver safe.
Starting ChromeDriver 107.0.5304.62 (1eec40d3a5764881c92085aaee66d25075c159aa-refs/branch-heads/5304@{#942}) on port 54485
Only local connections are allowed.
Please see https://chromedriver.chromium.org/security-considerations for suggestions on keeping ChromeDriver safe.
ChromeDriver was started successfully.
ChromeDriver was started successfully.
Nov. 15, 2022 1:13:02 PM org.openqa.selenium.remote.ProtocolHandshake createSession
INFORMATION: Detected dialect: W3C
Nov. 15, 2022 1:13:03 PM org.openqa.selenium.remote.ProtocolHandshake createSession
INFORMATION: Detected dialect: W3C
Nov. 15, 2022 1:13:03 PM org.openqa.selenium.devtools.CdpVersionFinder findNearestMatch
WARNUNG: Unable to find an exact match for CDP version 107, so returning the closest version found: a no-op implementation
Nov. 15, 2022 1:13:03 PM org.openqa.selenium.devtools.CdpVersionFinder findNearestMatch
INFORMATION: Unable to find CDP implementation matching 107.
Nov. 15, 2022 1:13:03 PM org.openqa.selenium.chromium.ChromiumDriver lambda$new$3
WARNUNG: Unable to find version of CDP to use for . You may need to include a dependency on a specific version of the CDP using something similar to `org.seleniumhq.selenium:selenium-devtools-v86:4.1.4` where the version ("v86") matches the version of the chromium-based browser you're using and the version number of the artifact is the same as Selenium's.
Nov. 15, 2022 1:13:03 PM org.openqa.selenium.devtools.CdpVersionFinder findNearestMatch
WARNUNG: Unable to find an exact match for CDP version 107, so returning the closest version found: a no-op implementation
Nov. 15, 2022 1:13:03 PM org.openqa.selenium.devtools.CdpVersionFinder findNearestMatch
INFORMATION: Unable to find CDP implementation matching 107.
Nov. 15, 2022 1:13:03 PM org.openqa.selenium.chromium.ChromiumDriver lambda$new$3
WARNUNG: Unable to find version of CDP to use for . You may need to include a dependency on a specific version of the CDP using something similar to `org.seleniumhq.selenium:selenium-devtools-v86:4.1.4` where the version ("v86") matches the version of the chromium-based browser you're using and the version number of the artifact is the same as Selenium's.
]]></system-err>
  </testcase>
  <testcase name="shouldBeAbleToAddNewTodo" classname="com.qacart.todo.testcases.TodoTest" time="9.479">
    <system-out><![CDATA[Request method:	POST
Request URI:	https://qacart-todo.herokuapp.com/api/v1/users/register
Proxy:			<none>
Request params:	<none>
Query params:	<none>
Form params:	<none>
Path params:	<none>
Headers:		Accept=*/*
				Content-Type=application/json
Cookies:		<none>
Multiparts:		<none>
Body:
{
    "email": "hassie.daniel@hotmail.com",
    "password": "7f7zvv3mki",
    "firstName": "Grant",
    "lastName": "Moore"
}
HTTP/1.1 201 Created
Server: Cowboy
Connection: keep-alive
X-Powered-By: Express
Access-Control-Allow-Origin: *
Set-Cookie: access_token=eyJhbGciOiJIUzI1NiIsInR5cCI6IkpXVCJ9.eyJpZCI6IjYzNzM4MjU2MGE0ODE4MDAxNjUxODcxZSIsImZpcnN0TmFtZSI6IkdyYW50IiwibGFzdE5hbWUiOiJNb29yZSIsImlhdCI6MTY2ODUxNDM5MH0.gXTdahcYMkwHgOvU0wfqd0udGcNpjL5EZ1IwiBcE1_k; Path=/
Set-Cookie: userID=j%3A%22637382560a4818001651871e%22; Path=/
Set-Cookie: firstName=Grant; Path=/
Content-Type: application/json; charset=utf-8
Content-Length: 275
Etag: W/"113-FiW0REpHuwJkDVLRQ4zd7CxZiQY"
Date: Tue, 15 Nov 2022 12:13:10 GMT
Via: 1.1 vegur

{
    "access_token": "eyJhbGciOiJIUzI1NiIsInR5cCI6IkpXVCJ9.eyJpZCI6IjYzNzM4MjU2MGE0ODE4MDAxNjUxODcxZSIsImZpcnN0TmFtZSI6IkdyYW50IiwibGFzdE5hbWUiOiJNb29yZSIsImlhdCI6MTY2ODUxNDM5MH0.gXTdahcYMkwHgOvU0wfqd0udGcNpjL5EZ1IwiBcE1_k",
    "userID": "637382560a4818001651871e",
    "firstName": "Grant"
}
]]></system-out>
  </testcase>
  <testcase name="shouldBeAbleToDeleteTodo" classname="com.qacart.todo.testcases.TodoTest" time="2.602">
    <system-out><![CDATA[Request method:	POST
Request URI:	https://qacart-todo.herokuapp.com/api/v1/users/register
Proxy:			<none>
Request params:	<none>
Query params:	<none>
Form params:	<none>
Path params:	<none>
Headers:		Accept=*/*
				Content-Type=application/json
Cookies:		<none>
Multiparts:		<none>
Body:
{
    "email": "maria.cruickshank@gmail.com",
    "password": "uzv84kzk",
    "firstName": "Gustavo",
    "lastName": "Fadel"
}
HTTP/1.1 201 Created
Server: Cowboy
Connection: keep-alive
X-Powered-By: Express
Access-Control-Allow-Origin: *
Set-Cookie: access_token=eyJhbGciOiJIUzI1NiIsInR5cCI6IkpXVCJ9.eyJpZCI6IjYzNzM4MjVjMGE0ODE4MDAxNjUxODcyNCIsImZpcnN0TmFtZSI6Ikd1c3Rhdm8iLCJsYXN0TmFtZSI6IkZhZGVsIiwiaWF0IjoxNjY4NTE0Mzk2fQ.eUK9nEUW97ziW3sff7832xtDqQBTXi-2XaZvYhBFBeU; Path=/
Set-Cookie: userID=j%3A%226373825c0a48180016518724%22; Path=/
Set-Cookie: firstName=Gustavo; Path=/
Content-Type: application/json; charset=utf-8
Content-Length: 280
Etag: W/"118-arYlc7jE/oh1NFMFboNuWTnkT6o"
Date: Tue, 15 Nov 2022 12:13:16 GMT
Via: 1.1 vegur

{
    "access_token": "eyJhbGciOiJIUzI1NiIsInR5cCI6IkpXVCJ9.eyJpZCI6IjYzNzM4MjVjMGE0ODE4MDAxNjUxODcyNCIsImZpcnN0TmFtZSI6Ikd1c3Rhdm8iLCJsYXN0TmFtZSI6IkZhZGVsIiwiaWF0IjoxNjY4NTE0Mzk2fQ.eUK9nEUW97ziW3sff7832xtDqQBTXi-2XaZvYhBFBeU",
    "userID": "6373825c0a48180016518724",
    "firstName": "Gustavo"
}
HTTP/1.1 201 Created
Server: Cowboy
Connection: keep-alive
X-Powered-By: Express
Access-Control-Allow-Origin: *
Content-Type: application/json; charset=utf-8
Content-Length: 161
Etag: W/"a1-wCk8BtRXDajolcKI32BJF6bb1s4"
Date: Tue, 15 Nov 2022 12:13:17 GMT
Via: 1.1 vegur

{
    "isCompleted": false,
    "_id": "6373825d0a48180016518726",
    "item": "Learn Selenium",
    "userID": "6373825c0a48180016518724",
    "createdAt": "2022-11-15T12:13:17.345Z",
    "__v": 0
}
]]></system-out>
    <system-err><![CDATA[Starting ChromeDriver 107.0.5304.62 (1eec40d3a5764881c92085aaee66d25075c159aa-refs/branch-heads/5304@{#942}) on port 50787
Only local connections are allowed.
Please see https://chromedriver.chromium.org/security-considerations for suggestions on keeping ChromeDriver safe.
ChromeDriver was started successfully.
Nov. 15, 2022 1:13:15 PM org.openqa.selenium.remote.ProtocolHandshake createSession
INFORMATION: Detected dialect: W3C
Nov. 15, 2022 1:13:15 PM org.openqa.selenium.devtools.CdpVersionFinder findNearestMatch
WARNUNG: Unable to find an exact match for CDP version 107, so returning the closest version found: a no-op implementation
Nov. 15, 2022 1:13:15 PM org.openqa.selenium.devtools.CdpVersionFinder findNearestMatch
INFORMATION: Unable to find CDP implementation matching 107.
Nov. 15, 2022 1:13:15 PM org.openqa.selenium.chromium.ChromiumDriver lambda$new$3
WARNUNG: Unable to find version of CDP to use for . You may need to include a dependency on a specific version of the CDP using something similar to `org.seleniumhq.selenium:selenium-devtools-v86:4.1.4` where the version ("v86") matches the version of the chromium-based browser you're using and the version number of the artifact is the same as Selenium's.
]]></system-err>
  </testcase>
</testsuite>