<?xml version="1.0" encoding="UTF-8"?>
<testsuite xmlns:xsi="http://www.w3.org/2001/XMLSchema-instance" xsi:noNamespaceSchemaLocation="https://maven.apache.org/surefire/maven-surefire-plugin/xsd/surefire-test-report-3.0.xsd" version="3.0" name="TestSuite" time="27.363" tests="3" errors="0" skipped="0" failures="0">
  <properties>
[...]
</properties>
  <testcase name="ShouldBeAbleToLoginWithEmailAndPassword" classname="com.qacart.todo.testcases.LoginTest" time="5.85">
    <system-err><![CDATA[SLF4J: Failed to load class "org.slf4j.impl.StaticLoggerBinder".
SLF4J: Defaulting to no-operation (NOP) logger implementation
SLF4J: See http://www.slf4j.org/codes.html#StaticLoggerBinder for further details.
Starting Microsoft Edge WebDriver 107.0.1418.42 (5ed2a3ace08d6077024f01e03930c3504cbb4e4c) on port 60022
To submit feedback, report a bug, or suggest new features, please visit https://github.com/MicrosoftEdge/EdgeWebDriver

Only local connections are allowed.
Please see https://aka.ms/WebDriverSecurity for suggestions on keeping Microsoft Edge WebDriver safe.

Starting Microsoft Edge WebDriver 107.0.1418.42 (5ed2a3ace08d6077024f01e03930c3504cbb4e4c) on port 62304
To submit feedback, report a bug, or suggest new features, please visit https://github.com/MicrosoftEdge/EdgeWebDriver

Only local connections are allowed.
Please see https://aka.ms/WebDriverSecurity for suggestions on keeping Microsoft Edge WebDriver safe.

Starting Microsoft Edge WebDriver 107.0.1418.42 (5ed2a3ace08d6077024f01e03930c3504cbb4e4c) on port 60764
To submit feedback, report a bug, or suggest new features, please visit https://github.com/MicrosoftEdge/EdgeWebDriver

Only local connections are allowed.
Please see https://aka.ms/WebDriverSecurity for suggestions on keeping Microsoft Edge WebDriver safe.

Microsoft Edge WebDriver was started successfully.
Microsoft Edge WebDriver was started successfully.
Microsoft Edge WebDriver was started successfully.
Nov. 19, 2022 1:04:25 PM org.openqa.selenium.remote.ProtocolHandshake createSession
INFORMATION: Detected dialect: W3C
Nov. 19, 2022 1:04:25 PM org.openqa.selenium.devtools.CdpVersionFinder findNearestMatch
WARNUNG: Unable to find an exact match for CDP version 107, so returning the closest version found: a no-op implementation
Nov. 19, 2022 1:04:25 PM org.openqa.selenium.devtools.CdpVersionFinder findNearestMatch
INFORMATION: Unable to find CDP implementation matching 107.
Nov. 19, 2022 1:04:25 PM org.openqa.selenium.chromium.ChromiumDriver lambda$new$3
WARNUNG: Unable to find version of CDP to use for . You may need to include a dependency on a specific version of the CDP using something similar to `org.seleniumhq.selenium:selenium-devtools-v86:4.1.4` where the version ("v86") matches the version of the chromium-based browser you're using and the version number of the artifact is the same as Selenium's.
Nov. 19, 2022 1:04:28 PM org.openqa.selenium.remote.ProtocolHandshake createSession
INFORMATION: Detected dialect: W3C
Nov. 19, 2022 1:04:28 PM org.openqa.selenium.devtools.CdpVersionFinder findNearestMatch
WARNUNG: Unable to find an exact match for CDP version 107, so returning the closest version found: a no-op implementation
Nov. 19, 2022 1:04:28 PM org.openqa.selenium.devtools.CdpVersionFinder findNearestMatch
INFORMATION: Unable to find CDP implementation matching 107.
Nov. 19, 2022 1:04:28 PM org.openqa.selenium.chromium.ChromiumDriver lambda$new$3
WARNUNG: Unable to find version of CDP to use for . You may need to include a dependency on a specific version of the CDP using something similar to `org.seleniumhq.selenium:selenium-devtools-v86:4.1.4` where the version ("v86") matches the version of the chromium-based browser you're using and the version number of the artifact is the same as Selenium's.
Nov. 19, 2022 1:04:28 PM org.openqa.selenium.remote.ProtocolHandshake createSession
INFORMATION: Detected dialect: W3C
Nov. 19, 2022 1:04:28 PM org.openqa.selenium.devtools.CdpVersionFinder findNearestMatch
WARNUNG: Unable to find an exact match for CDP version 107, so returning the closest version found: a no-op implementation
Nov. 19, 2022 1:04:28 PM org.openqa.selenium.devtools.CdpVersionFinder findNearestMatch
INFORMATION: Unable to find CDP implementation matching 107.
Nov. 19, 2022 1:04:28 PM org.openqa.selenium.chromium.ChromiumDriver lambda$new$3
WARNUNG: Unable to find version of CDP to use for . You may need to include a dependency on a specific version of the CDP using something similar to `org.seleniumhq.selenium:selenium-devtools-v86:4.1.4` where the version ("v86") matches the version of the chromium-based browser you're using and the version number of the artifact is the same as Selenium's.
]]></system-err>
  </testcase>
  <testcase name="shouldBeAbleToDeleteTodo" classname="com.qacart.todo.testcases.TodoTest" time="13.229">
    <system-out><![CDATA[Request method:	POST
Request URI:	https://qacart-todo.herokuapp.com/api/v1/users/register
Proxy:			<none>
Request params:	<none>
Query params:	<none>
Form params:	<none>
Path params:	<none>
Headers:		Accept=*/*
				Content-Type=application/json
Cookies:		<none>
Multiparts:		<none>
Body:
{
    "email": "buddy.moore@gmail.com",
    "password": "glpjitgrvye",
    "firstName": "Ryan",
    "lastName": "Mills"
}
Request method:	POST
Request URI:	https://qacart-todo.herokuapp.com/api/v1/users/register
Proxy:			<none>
Request params:	<none>
Query params:	<none>
Form params:	<none>
Path params:	<none>
Headers:		Accept=*/*
				Content-Type=application/json
Cookies:		<none>
Multiparts:		<none>
Body:
{
    "email": "pedro.abshire@gmail.com",
    "password": "xoeoxv1rw",
    "firstName": "Josephina",
    "lastName": "Ernser"
}
HTTP/1.1 201 Created
Server: Cowboy
Connection: keep-alive
X-Powered-By: Express
Access-Control-Allow-Origin: *
Set-Cookie: access_token=eyJhbGciOiJIUzI1NiIsInR5cCI6IkpXVCJ9.eyJpZCI6IjYzNzhjNjU3ZmQyYmI2MDAxNmE1MjdmYyIsImZpcnN0TmFtZSI6Ikpvc2VwaGluYSIsImxhc3ROYW1lIjoiRXJuc2VyIiwiaWF0IjoxNjY4ODU5NDc5fQ.6SeAY-0a4Ni1I121vneybnONpkzs5vLtb9cqpPA6pHA; Path=/
Set-Cookie: userID=j%3A%226378c657fd2bb60016a527fc%22; Path=/
Set-Cookie: firstName=Josephina; Path=/
Content-Type: application/json; charset=utf-8
Content-Length: 286
Etag: W/"11e-FVe8JLFkB5lwl9AZarDYz8Brf/g"
Date: Sat, 19 Nov 2022 12:04:39 GMT
Via: 1.1 vegur

{
    "access_token": "eyJhbGciOiJIUzI1NiIsInR5cCI6IkpXVCJ9.eyJpZCI6IjYzNzhjNjU3ZmQyYmI2MDAxNmE1MjdmYyIsImZpcnN0TmFtZSI6Ikpvc2VwaGluYSIsImxhc3ROYW1lIjoiRXJuc2VyIiwiaWF0IjoxNjY4ODU5NDc5fQ.6SeAY-0a4Ni1I121vneybnONpkzs5vLtb9cqpPA6pHA",
    "userID": "6378c657fd2bb60016a527fc",
    "firstName": "Josephina"
}
HTTP/1.1 201 Created
Server: Cowboy
Connection: keep-alive
X-Powered-By: Express
Access-Control-Allow-Origin: *
Set-Cookie: access_token=eyJhbGciOiJIUzI1NiIsInR5cCI6IkpXVCJ9.eyJpZCI6IjYzNzhjNjU3ZmQyYmI2MDAxNmE1MjdmZSIsImZpcnN0TmFtZSI6IlJ5YW4iLCJsYXN0TmFtZSI6Ik1pbGxzIiwiaWF0IjoxNjY4ODU5NDc5fQ.sx7K4n0HhGjShdq0hEewlum92NV1XVTkqHEFEZAWXu4; Path=/
Set-Cookie: userID=j%3A%226378c657fd2bb60016a527fe%22; Path=/
Set-Cookie: firstName=Ryan; Path=/
Content-Type: application/json; charset=utf-8
Content-Length: 273
Etag: W/"111-5YjbLgoffDA1mZaoSz26W5GneyQ"
Date: Sat, 19 Nov 2022 12:04:39 GMT
Via: 1.1 vegur

{
    "access_token": "eyJhbGciOiJIUzI1NiIsInR5cCI6IkpXVCJ9.eyJpZCI6IjYzNzhjNjU3ZmQyYmI2MDAxNmE1MjdmZSIsImZpcnN0TmFtZSI6IlJ5YW4iLCJsYXN0TmFtZSI6Ik1pbGxzIiwiaWF0IjoxNjY4ODU5NDc5fQ.sx7K4n0HhGjShdq0hEewlum92NV1XVTkqHEFEZAWXu4",
    "userID": "6378c657fd2bb60016a527fe",
    "firstName": "Ryan"
}
HTTP/1.1 201 Created
Server: Cowboy
Connection: keep-alive
X-Powered-By: Express
Access-Control-Allow-Origin: *
Content-Type: application/json; charset=utf-8
Content-Length: 161
Etag: W/"a1-0aNh6pqhnXjXQ0VEnqOeBHNpyBQ"
Date: Sat, 19 Nov 2022 12:04:41 GMT
Via: 1.1 vegur

{
    "isCompleted": false,
    "_id": "6378c659fd2bb60016a52800",
    "item": "Learn Selenium",
    "userID": "6378c657fd2bb60016a527fc",
    "createdAt": "2022-11-19T12:04:41.520Z",
    "__v": 0
}
]]></system-out>
  </testcase>
  <testcase name="shouldBeAbleToAddNewTodo" classname="com.qacart.todo.testcases.TodoTest" time="13.627"/>
</testsuite>