<?xml version="1.0" encoding="UTF-8"?>
<testng-results ignored="0" total="3" passed="3" failed="0" skipped="0">
  <reporter-output>
  </reporter-output>
  <suite started-at="2022-11-15T12:33:50 MEZ" name="Command line suite" finished-at="2022-11-15T12:34:14 MEZ" duration-ms="23877">
    <groups>
    </groups>
    <test started-at="2022-11-15T12:33:50 MEZ" name="Command line test" finished-at="2022-11-15T12:34:14 MEZ" duration-ms="23877">
      <class name="com.qacart.todo.testcases.LoginTest">
        <test-method is-config="true" signature="setup()[pri:0, instance:com.qacart.todo.testcases.LoginTest@214b199c]" started-at="2022-11-15T12:33:50 MEZ" name="setup" finished-at="2022-11-15T12:33:57 MEZ" duration-ms="7077" status="PASS">
          <reporter-output>
          </reporter-output>
        </test-method> <!-- setup -->
        <test-method signature="ShouldBeAbleToLoginWithEmailAndPassword()[pri:0, instance:com.qacart.todo.testcases.LoginTest@214b199c]" started-at="2022-11-15T12:33:57 MEZ" name="ShouldBeAbleToLoginWithEmailAndPassword" finished-at="2022-11-15T12:33:59 MEZ" duration-ms="2171" status="PASS">
          <reporter-output>
          </reporter-output>
        </test-method> <!-- ShouldBeAbleToLoginWithEmailAndPassword -->
        <test-method is-config="true" signature="teardown()[pri:0, instance:com.qacart.todo.testcases.LoginTest@214b199c]" started-at="2022-11-15T12:33:59 MEZ" name="teardown" finished-at="2022-11-15T12:33:59 MEZ" duration-ms="357" status="PASS">
          <reporter-output>
          </reporter-output>
        </test-method> <!-- teardown -->
      </class> <!-- com.qacart.todo.testcases.LoginTest -->
      <class name="com.qacart.todo.testcases.TodoTest">
        <test-method is-config="true" signature="setup()[pri:0, instance:com.qacart.todo.testcases.TodoTest@20d3d15a]" started-at="2022-11-15T12:33:59 MEZ" name="setup" finished-at="2022-11-15T12:34:01 MEZ" duration-ms="1603" status="PASS">
          <reporter-output>
          </reporter-output>
        </test-method> <!-- setup -->
        <test-method signature="shouldBeAbleToAddNewTodo()[pri:0, instance:com.qacart.todo.testcases.TodoTest@20d3d15a]" started-at="2022-11-15T12:34:01 MEZ" name="shouldBeAbleToAddNewTodo" finished-at="2022-11-15T12:34:08 MEZ" duration-ms="6772" status="PASS">
          <reporter-output>
          </reporter-output>
        </test-method> <!-- shouldBeAbleToAddNewTodo -->
        <test-method is-config="true" signature="teardown()[pri:0, instance:com.qacart.todo.testcases.TodoTest@20d3d15a]" started-at="2022-11-15T12:34:08 MEZ" name="teardown" finished-at="2022-11-15T12:34:08 MEZ" duration-ms="344" status="PASS">
          <reporter-output>
          </reporter-output>
        </test-method> <!-- teardown -->
        <test-method is-config="true" signature="setup()[pri:0, instance:com.qacart.todo.testcases.TodoTest@20d3d15a]" started-at="2022-11-15T12:34:08 MEZ" name="setup" finished-at="2022-11-15T12:34:10 MEZ" duration-ms="1671" status="PASS">
          <reporter-output>
          </reporter-output>
        </test-method> <!-- setup -->
        <test-method signature="shouldBeAbleToDeleteTodo()[pri:0, instance:com.qacart.todo.testcases.TodoTest@20d3d15a]" started-at="2022-11-15T12:34:10 MEZ" name="shouldBeAbleToDeleteTodo" finished-at="2022-11-15T12:34:13 MEZ" duration-ms="3381" status="PASS">
          <reporter-output>
          </reporter-output>
        </test-method> <!-- shouldBeAbleToDeleteTodo -->
        <test-method is-config="true" signature="teardown()[pri:0, instance:com.qacart.todo.testcases.TodoTest@20d3d15a]" started-at="2022-11-15T12:34:13 MEZ" name="teardown" finished-at="2022-11-15T12:34:14 MEZ" duration-ms="433" status="PASS">
          <reporter-output>
          </reporter-output>
        </test-method> <!-- teardown -->
      </class> <!-- com.qacart.todo.testcases.TodoTest -->
    </test> <!-- Command line test -->
  </suite> <!-- Command line suite -->
</testng-results>
