<?xml version="1.0" encoding="UTF-8"?>
<testng-results ignored="0" total="3" passed="3" failed="0" skipped="0">
  <reporter-output>
  </reporter-output>
  <suite started-at="2022-11-15T12:52:32 MEZ" name="Command line suite" finished-at="2022-11-15T12:52:53 MEZ" duration-ms="21076">
    <groups>
    </groups>
    <test started-at="2022-11-15T12:52:32 MEZ" name="Command line test" finished-at="2022-11-15T12:52:53 MEZ" duration-ms="21076">
      <class name="com.qacart.todo.testcases.LoginTest">
        <test-method is-config="true" signature="setup()[pri:0, instance:com.qacart.todo.testcases.LoginTest@214b199c]" started-at="2022-11-15T12:52:32 MEZ" name="setup" finished-at="2022-11-15T12:52:36 MEZ" duration-ms="4177" status="PASS">
          <reporter-output>
          </reporter-output>
        </test-method> <!-- setup -->
        <test-method signature="ShouldBeAbleToLoginWithEmailAndPassword()[pri:0, instance:com.qacart.todo.testcases.LoginTest@214b199c]" started-at="2022-11-15T12:52:36 MEZ" name="ShouldBeAbleToLoginWithEmailAndPassword" finished-at="2022-11-15T12:52:38 MEZ" duration-ms="2149" status="PASS">
          <reporter-output>
          </reporter-output>
        </test-method> <!-- ShouldBeAbleToLoginWithEmailAndPassword -->
        <test-method is-config="true" signature="teardown()[pri:0, instance:com.qacart.todo.testcases.LoginTest@214b199c]" started-at="2022-11-15T12:52:38 MEZ" name="teardown" finished-at="2022-11-15T12:52:38 MEZ" duration-ms="336" status="PASS">
          <reporter-output>
          </reporter-output>
        </test-method> <!-- teardown -->
      </class> <!-- com.qacart.todo.testcases.LoginTest -->
      <class name="com.qacart.todo.testcases.TodoTest">
        <test-method is-config="true" signature="setup()[pri:0, instance:com.qacart.todo.testcases.TodoTest@20d3d15a]" started-at="2022-11-15T12:52:38 MEZ" name="setup" finished-at="2022-11-15T12:52:40 MEZ" duration-ms="1500" status="PASS">
          <reporter-output>
          </reporter-output>
        </test-method> <!-- setup -->
        <test-method signature="shouldBeAbleToAddNewTodo()[pri:0, instance:com.qacart.todo.testcases.TodoTest@20d3d15a]" started-at="2022-11-15T12:52:40 MEZ" name="shouldBeAbleToAddNewTodo" finished-at="2022-11-15T12:52:47 MEZ" duration-ms="6929" status="PASS">
          <reporter-output>
          </reporter-output>
        </test-method> <!-- shouldBeAbleToAddNewTodo -->
        <test-method is-config="true" signature="teardown()[pri:0, instance:com.qacart.todo.testcases.TodoTest@20d3d15a]" started-at="2022-11-15T12:52:47 MEZ" name="teardown" finished-at="2022-11-15T12:52:47 MEZ" duration-ms="342" status="PASS">
          <reporter-output>
          </reporter-output>
        </test-method> <!-- teardown -->
        <test-method is-config="true" signature="setup()[pri:0, instance:com.qacart.todo.testcases.TodoTest@20d3d15a]" started-at="2022-11-15T12:52:47 MEZ" name="setup" finished-at="2022-11-15T12:52:49 MEZ" duration-ms="1832" status="PASS">
          <reporter-output>
          </reporter-output>
        </test-method> <!-- setup -->
        <test-method signature="shouldBeAbleToDeleteTodo()[pri:0, instance:com.qacart.todo.testcases.TodoTest@20d3d15a]" started-at="2022-11-15T12:52:49 MEZ" name="shouldBeAbleToDeleteTodo" finished-at="2022-11-15T12:52:52 MEZ" duration-ms="3458" status="PASS">
          <reporter-output>
          </reporter-output>
        </test-method> <!-- shouldBeAbleToDeleteTodo -->
        <test-method is-config="true" signature="teardown()[pri:0, instance:com.qacart.todo.testcases.TodoTest@20d3d15a]" started-at="2022-11-15T12:52:52 MEZ" name="teardown" finished-at="2022-11-15T12:52:53 MEZ" duration-ms="304" status="PASS">
          <reporter-output>
          </reporter-output>
        </test-method> <!-- teardown -->
      </class> <!-- com.qacart.todo.testcases.TodoTest -->
    </test> <!-- Command line test -->
  </suite> <!-- Command line suite -->
</testng-results>
